<?xml version="1.0" encoding="UTF-8"?>
<testsuite name="edu.csupomona.cs.iphoto.WebControllerIntegrationTest" time="2.465" tests="6" errors="0" skipped="0" failures="2">
  <properties>
[...]
</properties>
  <testcase name="testGetFilteredPhoto" classname="edu.csupomona.cs.iphoto.WebControllerIntegrationTest" time="2.344">
    <failure message="expected:&lt;image/jpeg&gt; but was:&lt;application/json;charset=UTF-8&gt;" type="java.lang.AssertionError"><![CDATA[java.lang.AssertionError: expected:<image/jpeg> but was:<application/json;charset=UTF-8>
	at org.junit.Assert.fail(Assert.java:88)
	at org.junit.Assert.failNotEquals(Assert.java:743)
	at org.junit.Assert.assertEquals(Assert.java:118)
	at org.junit.Assert.assertEquals(Assert.java:144)
	at edu.csupomona.cs.iphoto.WebControllerIntegrationTest.testGetFilteredPhoto(WebControllerIntegrationTest.java:168)
]]></failure>
    <system-out>13:48:50.439 [main] DEBUG o.s.t.c.j.SpringJUnit4ClassRunner - SpringJUnit4ClassRunner constructor called with [class edu.csupomona.cs.iphoto.WebControllerIntegrationTest].
13:48:50.476 [main] DEBUG o.s.test.context.ContextLoaderUtils - Found explicit ContextLoader class [org.springframework.boot.test.SpringApplicationContextLoader] for context configuration attributes [ContextConfigurationAttributes@18b429b declaringClass = 'edu.csupomona.cs.iphoto.WebControllerIntegrationTest', locations = '{}', classes = '{class edu.csupomona.cs.iphoto.App}', inheritLocations = true, initializers = '{}', inheritInitializers = true, name = [null], contextLoaderClass = 'org.springframework.boot.test.SpringApplicationContextLoader']
13:48:50.484 [main] DEBUG o.s.test.context.ContextLoaderUtils - Could not find an 'annotation declaring class' for annotation type [org.springframework.test.context.ActiveProfiles] and class [edu.csupomona.cs.iphoto.WebControllerIntegrationTest]
13:48:50.488 [main] INFO  o.s.test.context.TestContextManager - Could not instantiate TestExecutionListener [org.springframework.test.context.transaction.TransactionalTestExecutionListener]. Specify custom listener classes or make the default listener classes (and their required dependencies) available. Offending class: [org/springframework/transaction/interceptor/TransactionAttribute]
13:48:50.489 [main] DEBUG o.s.t.annotation.ProfileValueUtils - Retrieved @ProfileValueSourceConfiguration [null] for test class [edu.csupomona.cs.iphoto.WebControllerIntegrationTest]
13:48:50.490 [main] DEBUG o.s.t.annotation.ProfileValueUtils - Retrieved ProfileValueSource type [class org.springframework.test.annotation.SystemProfileValueSource] for class [edu.csupomona.cs.iphoto.WebControllerIntegrationTest]
13:48:50.491 [main] DEBUG o.s.t.annotation.ProfileValueUtils - Retrieved @ProfileValueSourceConfiguration [null] for test class [edu.csupomona.cs.iphoto.WebControllerIntegrationTest]
13:48:50.491 [main] DEBUG o.s.t.annotation.ProfileValueUtils - Retrieved ProfileValueSource type [class org.springframework.test.annotation.SystemProfileValueSource] for class [edu.csupomona.cs.iphoto.WebControllerIntegrationTest]
13:48:50.493 [main] DEBUG o.s.t.annotation.ProfileValueUtils - Retrieved @ProfileValueSourceConfiguration [null] for test class [edu.csupomona.cs.iphoto.WebControllerIntegrationTest]
13:48:50.493 [main] DEBUG o.s.t.annotation.ProfileValueUtils - Retrieved ProfileValueSource type [class org.springframework.test.annotation.SystemProfileValueSource] for class [edu.csupomona.cs.iphoto.WebControllerIntegrationTest]
13:48:50.494 [main] DEBUG o.s.t.c.s.DependencyInjectionTestExecutionListener - Performing dependency injection for test context [[DefaultTestContext@1cf33a6 testClass = WebControllerIntegrationTest, testInstance = edu.csupomona.cs.iphoto.WebControllerIntegrationTest@47e380, testMethod = [null], testException = [null], mergedContextConfiguration = [WebMergedContextConfiguration@1a8fb1b testClass = WebControllerIntegrationTest, locations = '{}', classes = '{class edu.csupomona.cs.iphoto.App}', contextInitializerClasses = '[]', activeProfiles = '{}', resourceBasePath = 'src/main/webapp', contextLoader = 'org.springframework.boot.test.SpringApplicationContextLoader', parent = [null]]]].
13:48:50.614 [main] DEBUG o.s.core.env.StandardEnvironment - Adding [systemProperties] PropertySource with lowest search precedence
13:48:50.616 [main] DEBUG o.s.core.env.StandardEnvironment - Adding [systemEnvironment] PropertySource with lowest search precedence
13:48:50.616 [main] DEBUG o.s.core.env.StandardEnvironment - Initialized StandardEnvironment with PropertySources [systemProperties,systemEnvironment]
13:48:50.618 [main] DEBUG o.s.w.c.s.StandardServletEnvironment - Adding [servletConfigInitParams] PropertySource with lowest search precedence
13:48:50.618 [main] DEBUG o.s.w.c.s.StandardServletEnvironment - Adding [servletContextInitParams] PropertySource with lowest search precedence
13:48:50.624 [main] DEBUG o.s.w.c.s.StandardServletEnvironment - Adding [jndiProperties] PropertySource with lowest search precedence
13:48:50.624 [main] DEBUG o.s.w.c.s.StandardServletEnvironment - Adding [systemProperties] PropertySource with lowest search precedence
13:48:50.624 [main] DEBUG o.s.w.c.s.StandardServletEnvironment - Adding [systemEnvironment] PropertySource with lowest search precedence
13:48:50.624 [main] DEBUG o.s.w.c.s.StandardServletEnvironment - Initialized StandardServletEnvironment with PropertySources [servletConfigInitParams,servletContextInitParams,jndiProperties,systemProperties,systemEnvironment]
13:48:50.625 [main] DEBUG o.s.w.c.s.StandardServletEnvironment - Adding [integrationTest] PropertySource with search precedence immediately lower than [systemEnvironment]

  .   ____          _            __ _ _
 /\\ / ___'_ __ _ _(_)_ __  __ _ \ \ \ \
( ( )\___ | '_ | '_| | '_ \/ _` | \ \ \ \
 \\/  ___)| |_)| | | | | || (_| |  ) ) ) )
  '  |____| .__|_| |_|_| |_\__, | / / / /
 =========|_|==============|___/=/_/_/_/
 :: Spring Boot ::        (v1.1.4.RELEASE)

2014-11-29 13:48:50.928  INFO 5248 --- [           main] o.a.maven.surefire.booter.ForkedBooter   : Starting ForkedBooter v2.15 on XPC with PID 5248 (started by Ѹ in D:\Documents\school work\2014_F@cpp\xstorm89-iphoto-web)
2014-11-29 13:48:50.951  INFO 5248 --- [           main] ationConfigEmbeddedWebApplicationContext : Refreshing org.springframework.boot.context.embedded.AnnotationConfigEmbeddedWebApplicationContext@1bf4061: startup date [Sat Nov 29 13:48:50 PST 2014]; root of context hierarchy
2014-11-29 13:48:51.278  INFO 5248 --- [           main] o.s.b.f.s.DefaultListableBeanFactory     : Overriding bean definition for bean 'beanNameViewResolver': replacing [Root bean: class [null]; scope=; abstract=false; lazyInit=false; autowireMode=3; dependencyCheck=0; autowireCandidate=true; primary=false; factoryBeanName=org.springframework.boot.autoconfigure.web.ErrorMvcAutoConfiguration$WhitelabelErrorViewConfiguration; factoryMethodName=beanNameViewResolver; initMethodName=null; destroyMethodName=(inferred); defined in class path resource [org/springframework/boot/autoconfigure/web/ErrorMvcAutoConfiguration$WhitelabelErrorViewConfiguration.class]] with [Root bean: class [null]; scope=; abstract=false; lazyInit=false; autowireMode=3; dependencyCheck=0; autowireCandidate=true; primary=false; factoryBeanName=org.springframework.boot.autoconfigure.web.WebMvcAutoConfiguration$WebMvcAutoConfigurationAdapter; factoryMethodName=beanNameViewResolver; initMethodName=null; destroyMethodName=(inferred); defined in class path resource [org/springframework/boot/autoconfigure/web/WebMvcAutoConfiguration$WebMvcAutoConfigurationAdapter.class]]
2014-11-29 13:48:51.693  INFO 5248 --- [           main] e.j.JettyEmbeddedServletContainerFactory : Server initialized with port: 8080
2014-11-29 13:48:51.696  INFO 5248 --- [           main] org.eclipse.jetty.server.Server          : jetty-8.1.15.v20140411
2014-11-29 13:48:51.722  INFO 5248 --- [           main] /                                        : Initializing Spring embedded WebApplicationContext
2014-11-29 13:48:51.723  INFO 5248 --- [           main] o.s.web.context.ContextLoader            : Root WebApplicationContext: initialization completed in 772 ms
2014-11-29 13:48:52.141  INFO 5248 --- [           main] o.s.b.c.e.ServletRegistrationBean        : Mapping servlet: 'dispatcherServlet' to [/]
2014-11-29 13:48:52.144  INFO 5248 --- [           main] o.s.b.c.embedded.FilterRegistrationBean  : Mapping filter: 'hiddenHttpMethodFilter' to: [/*]
2014-11-29 13:48:52.161  INFO 5248 --- [           main] o.e.jetty.server.AbstractConnector       : Started SelectChannelConnector@0.0.0.0:8080
2014-11-29 13:48:52.244  INFO 5248 --- [           main] o.s.w.s.handler.SimpleUrlHandlerMapping  : Mapped URL path [/**/favicon.ico] onto handler of type [class org.springframework.web.servlet.resource.ResourceHttpRequestHandler]
2014-11-29 13:48:52.289  INFO 5248 --- [           main] s.w.s.m.m.a.RequestMappingHandlerMapping : Mapped "{[/iphoto/filters/list],methods=[GET],params=[],headers=[],consumes=[],produces=[],custom=[]}" onto java.util.List&lt;java.lang.String&gt; edu.csupomona.cs.iphoto.controller.WebController.getAvailableFilters()
2014-11-29 13:48:52.289  INFO 5248 --- [           main] s.w.s.m.m.a.RequestMappingHandlerMapping : Mapped "{[/iphoto/{userId}/photo/{photoId}/filter/{filters}],methods=[GET],params=[],headers=[],consumes=[],produces=[],custom=[]}" onto void edu.csupomona.cs.iphoto.controller.WebController.getFilteredPhoto(java.lang.String,java.lang.String,java.lang.String,javax.servlet.http.HttpServletResponse) throws java.io.FileNotFoundException,java.io.IOException
2014-11-29 13:48:52.289  INFO 5248 --- [           main] s.w.s.m.m.a.RequestMappingHandlerMapping : Mapped "{[/iphoto/{userId}/home],methods=[GET],params=[],headers=[],consumes=[],produces=[],custom=[]}" onto org.springframework.web.servlet.ModelAndView edu.csupomona.cs.iphoto.controller.WebController.getUserHomepage(java.lang.String)
2014-11-29 13:48:52.290  INFO 5248 --- [           main] s.w.s.m.m.a.RequestMappingHandlerMapping : Mapped "{[/iphoto/{userId}],methods=[GET],params=[],headers=[],consumes=[],produces=[],custom=[]}" onto edu.csupomona.cs.iphoto.data.User edu.csupomona.cs.iphoto.controller.WebController.getUser(java.lang.String)
2014-11-29 13:48:52.290  INFO 5248 --- [           main] s.w.s.m.m.a.RequestMappingHandlerMapping : Mapped "{[/iphoto/ping],methods=[GET],params=[],headers=[],consumes=[],produces=[],custom=[]}" onto java.lang.String edu.csupomona.cs.iphoto.controller.WebController.healthCheck()
2014-11-29 13:48:52.290  INFO 5248 --- [           main] s.w.s.m.m.a.RequestMappingHandlerMapping : Mapped "{[/iphoto/{userId}/photo],methods=[POST],params=[],headers=[],consumes=[],produces=[],custom=[]}" onto void edu.csupomona.cs.iphoto.controller.WebController.addPhoto(java.lang.String,org.springframework.web.multipart.MultipartFile,javax.servlet.http.HttpServletResponse) throws java.io.IOException
2014-11-29 13:48:52.290  INFO 5248 --- [           main] s.w.s.m.m.a.RequestMappingHandlerMapping : Mapped "{[/iphoto/{userId}/photo/{photoId}],methods=[DELETE],params=[],headers=[],consumes=[],produces=[],custom=[]}" onto java.lang.String edu.csupomona.cs.iphoto.controller.WebController.deletePhoto(java.lang.String,java.lang.String) throws com.fasterxml.jackson.core.JsonParseException,com.fasterxml.jackson.databind.JsonMappingException,java.io.IOException
2014-11-29 13:48:52.290  INFO 5248 --- [           main] s.w.s.m.m.a.RequestMappingHandlerMapping : Mapped "{[/iphoto/{userId}/photo/{photoId}],methods=[GET],params=[],headers=[],consumes=[],produces=[],custom=[]}" onto void edu.csupomona.cs.iphoto.controller.WebController.getPhoto(java.lang.String,java.lang.String,javax.servlet.http.HttpServletResponse) throws java.io.FileNotFoundException,java.io.IOException
2014-11-29 13:48:52.291  INFO 5248 --- [           main] s.w.s.m.m.a.RequestMappingHandlerMapping : Mapped "{[/iphoto/{userId}/follow/{followedUserId}],methods=[POST],params=[],headers=[],consumes=[],produces=[],custom=[]}" onto java.lang.String edu.csupomona.cs.iphoto.controller.WebController.followUser(java.lang.String,java.lang.String) throws com.fasterxml.jackson.core.JsonParseException,com.fasterxml.jackson.databind.JsonMappingException,java.io.IOException
2014-11-29 13:48:52.291  INFO 5248 --- [           main] s.w.s.m.m.a.RequestMappingHandlerMapping : Mapped "{[/iphoto/{userId}/photos],methods=[GET],params=[],headers=[],consumes=[],produces=[],custom=[]}" onto java.util.List&lt;java.lang.String&gt; edu.csupomona.cs.iphoto.controller.WebController.listPhotos(java.lang.String)
2014-11-29 13:48:52.291  INFO 5248 --- [           main] s.w.s.m.m.a.RequestMappingHandlerMapping : Mapped "{[/iphoto/{userId}/unfollow/{followedUserId}],methods=[POST],params=[],headers=[],consumes=[],produces=[],custom=[]}" onto java.lang.String edu.csupomona.cs.iphoto.controller.WebController.unfollowUser(java.lang.String,java.lang.String) throws com.fasterxml.jackson.core.JsonParseException,com.fasterxml.jackson.databind.JsonMappingException,java.io.IOException
2014-11-29 13:48:52.291  INFO 5248 --- [           main] s.w.s.m.m.a.RequestMappingHandlerMapping : Mapped "{[/iphoto/load],methods=[GET],params=[],headers=[],consumes=[],produces=[],custom=[]}" onto java.lang.String edu.csupomona.cs.iphoto.controller.WebController.loadURL() throws java.io.IOException
2014-11-29 13:48:52.291  INFO 5248 --- [           main] s.w.s.m.m.a.RequestMappingHandlerMapping : Mapped "{[/iphoto/version],methods=[GET],params=[],headers=[],consumes=[],produces=[],custom=[]}" onto java.lang.String edu.csupomona.cs.iphoto.controller.WebController.getVersion()
2014-11-29 13:48:52.293  INFO 5248 --- [           main] s.w.s.m.m.a.RequestMappingHandlerMapping : Mapped "{[/error],methods=[],params=[],headers=[],consumes=[],produces=[text/html],custom=[]}" onto public org.springframework.web.servlet.ModelAndView org.springframework.boot.autoconfigure.web.BasicErrorController.errorHtml(javax.servlet.http.HttpServletRequest)
2014-11-29 13:48:52.293  INFO 5248 --- [           main] s.w.s.m.m.a.RequestMappingHandlerMapping : Mapped "{[/error],methods=[],params=[],headers=[],consumes=[],produces=[],custom=[]}" onto public org.springframework.http.ResponseEntity&lt;java.util.Map&lt;java.lang.String, java.lang.Object&gt;&gt; org.springframework.boot.autoconfigure.web.BasicErrorController.error(javax.servlet.http.HttpServletRequest)
2014-11-29 13:48:52.295  INFO 5248 --- [           main] o.s.w.s.c.a.WebMvcConfigurerAdapter      : Adding welcome page: file:/D:/Documents/school%20work/2014_F%40cpp/xstorm89-iphoto-web/target/classes/static/index.html
2014-11-29 13:48:52.297  INFO 5248 --- [           main] o.s.w.s.handler.SimpleUrlHandlerMapping  : Root mapping to handler of type [class org.springframework.web.servlet.mvc.ParameterizableViewController]
2014-11-29 13:48:52.302  INFO 5248 --- [           main] o.s.w.s.handler.SimpleUrlHandlerMapping  : Mapped URL path [/**] onto handler of type [class org.springframework.web.servlet.resource.ResourceHttpRequestHandler]
2014-11-29 13:48:52.302  INFO 5248 --- [           main] o.s.w.s.handler.SimpleUrlHandlerMapping  : Mapped URL path [/webjars/**] onto handler of type [class org.springframework.web.servlet.resource.ResourceHttpRequestHandler]
2014-11-29 13:48:52.462  INFO 5248 --- [           main] o.s.w.s.v.f.FreeMarkerConfigurer         : ClassTemplateLoader for Spring macros added to FreeMarker configuration
2014-11-29 13:48:52.493  INFO 5248 --- [           main] /                                        : Initializing Spring FrameworkServlet 'dispatcherServlet'
2014-11-29 13:48:52.494  INFO 5248 --- [           main] o.s.web.servlet.DispatcherServlet        : FrameworkServlet 'dispatcherServlet': initialization started
2014-11-29 13:48:52.503  INFO 5248 --- [           main] o.s.web.servlet.DispatcherServlet        : FrameworkServlet 'dispatcherServlet': initialization completed in 9 ms
2014-11-29 13:48:52.527  INFO 5248 --- [           main] o.e.jetty.server.AbstractConnector       : Started SelectChannelConnector@0.0.0.0:8080
2014-11-29 13:48:52.531  INFO 5248 --- [           main] .s.b.c.e.j.JettyEmbeddedServletContainer : Jetty started on port: 8080
2014-11-29 13:48:52.532  INFO 5248 --- [           main] o.a.maven.surefire.booter.ForkedBooter   : Started ForkedBooter in 1.905 seconds (JVM running for 2.335)
2014-11-29 13:48:52.796  WARN 5248 --- [ qtp32252751-12] o.eclipse.jetty.servlet.ServletHandler   : 

org.springframework.web.util.NestedServletException: Request processing failed; nested exception is java.awt.HeadlessException
	at org.springframework.web.servlet.FrameworkServlet.processRequest(FrameworkServlet.java:973)
	at org.springframework.web.servlet.FrameworkServlet.doGet(FrameworkServlet.java:852)
	at javax.servlet.http.HttpServlet.service(HttpServlet.java:735)
	at org.springframework.web.servlet.FrameworkServlet.service(FrameworkServlet.java:837)
	at javax.servlet.http.HttpServlet.service(HttpServlet.java:848)
	at org.eclipse.jetty.servlet.ServletHolder.handle(ServletHolder.java:684)
	at org.eclipse.jetty.servlet.ServletHandler$CachedChain.doFilter(ServletHandler.java:1496)
	at org.springframework.web.filter.HiddenHttpMethodFilter.doFilterInternal(HiddenHttpMethodFilter.java:77)
	at org.springframework.web.filter.OncePerRequestFilter.doFilter(OncePerRequestFilter.java:107)
	at org.eclipse.jetty.servlet.ServletHandler$CachedChain.doFilter(ServletHandler.java:1467)
	at org.eclipse.jetty.servlet.ServletHandler.doHandle(ServletHandler.java:501)
	at org.eclipse.jetty.server.handler.ScopedHandler.handle(ScopedHandler.java:137)
	at org.eclipse.jetty.security.SecurityHandler.handle(SecurityHandler.java:557)
	at org.eclipse.jetty.server.session.SessionHandler.doHandle(SessionHandler.java:231)
	at org.eclipse.jetty.server.handler.ContextHandler.doHandle(ContextHandler.java:1086)
	at org.eclipse.jetty.servlet.ServletHandler.doScope(ServletHandler.java:429)
	at org.eclipse.jetty.server.session.SessionHandler.doScope(SessionHandler.java:193)
	at org.eclipse.jetty.server.handler.ContextHandler.doScope(ContextHandler.java:1020)
	at org.eclipse.jetty.server.handler.ScopedHandler.handle(ScopedHandler.java:135)
	at org.eclipse.jetty.server.handler.HandlerWrapper.handle(HandlerWrapper.java:116)
	at org.eclipse.jetty.server.Server.handle(Server.java:370)
	at org.eclipse.jetty.server.AbstractHttpConnection.handleRequest(AbstractHttpConnection.java:494)
	at org.eclipse.jetty.server.AbstractHttpConnection.headerComplete(AbstractHttpConnection.java:971)
	at org.eclipse.jetty.server.AbstractHttpConnection$RequestHandler.headerComplete(AbstractHttpConnection.java:1033)
	at org.eclipse.jetty.http.HttpParser.parseNext(HttpParser.java:644)
	at org.eclipse.jetty.http.HttpParser.parseAvailable(HttpParser.java:235)
	at org.eclipse.jetty.server.AsyncHttpConnection.handle(AsyncHttpConnection.java:82)
	at org.eclipse.jetty.io.nio.SelectChannelEndPoint.handle(SelectChannelEndPoint.java:696)
	at org.eclipse.jetty.io.nio.SelectChannelEndPoint$1.run(SelectChannelEndPoint.java:53)
	at org.eclipse.jetty.util.thread.QueuedThreadPool.runJob(QueuedThreadPool.java:608)
	at org.eclipse.jetty.util.thread.QueuedThreadPool$3.run(QueuedThreadPool.java:543)
	at java.lang.Thread.run(Unknown Source)
Caused by: java.awt.HeadlessException: null
	at java.awt.GraphicsEnvironment.checkHeadless(Unknown Source)
	at java.awt.MenuComponent.&lt;init&gt;(Unknown Source)
	at java.awt.MenuItem.&lt;init&gt;(Unknown Source)
	at java.awt.MenuItem.&lt;init&gt;(Unknown Source)
	at java.awt.Menu.&lt;init&gt;(Unknown Source)
	at java.awt.Menu.&lt;init&gt;(Unknown Source)
	at ij.Menus.getMenu(Menus.java:690)
	at ij.Menus.getMenu(Menus.java:680)
	at ij.Menus.addMenuBar(Menus.java:105)
	at ij.IJ.init(IJ.java:325)
	at ij.IJ.run(IJ.java:252)
	at ij.IJ.run(IJ.java:316)
	at ij.IJ.saveAs(IJ.java:1690)
	at ij.IJ.save(IJ.java:1612)
	at edu.csupomona.cs.iphoto.data.provider.FSPhotoManager.applyFilter(FSPhotoManager.java:137)
	at edu.csupomona.cs.iphoto.controller.WebController.getFilteredPhoto(WebController.java:177)
	at sun.reflect.NativeMethodAccessorImpl.invoke0(Native Method)
	at sun.reflect.NativeMethodAccessorImpl.invoke(Unknown Source)
	at sun.reflect.DelegatingMethodAccessorImpl.invoke(Unknown Source)
	at java.lang.reflect.Method.invoke(Unknown Source)
	at org.springframework.web.method.support.InvocableHandlerMethod.invoke(InvocableHandlerMethod.java:215)
	at org.springframework.web.method.support.InvocableHandlerMethod.invokeForRequest(InvocableHandlerMethod.java:132)
	at org.springframework.web.servlet.mvc.method.annotation.ServletInvocableHandlerMethod.invokeAndHandle(ServletInvocableHandlerMethod.java:104)
	at org.springframework.web.servlet.mvc.method.annotation.RequestMappingHandlerAdapter.invokeHandleMethod(RequestMappingHandlerAdapter.java:749)
	at org.springframework.web.servlet.mvc.method.annotation.RequestMappingHandlerAdapter.handleInternal(RequestMappingHandlerAdapter.java:689)
	at org.springframework.web.servlet.mvc.method.AbstractHandlerMethodAdapter.handle(AbstractHandlerMethodAdapter.java:83)
	at org.springframework.web.servlet.DispatcherServlet.doDispatch(DispatcherServlet.java:938)
	at org.springframework.web.servlet.DispatcherServlet.doService(DispatcherServlet.java:870)
	at org.springframework.web.servlet.FrameworkServlet.processRequest(FrameworkServlet.java:961)
	... 31 common frames omitted

2014-11-29 13:48:52.797  WARN 5248 --- [ qtp32252751-12] o.eclipse.jetty.servlet.ServletHandler   : /iphoto/testUser/photo/test.jpg/filter/Edge-Invert-smooth

java.awt.HeadlessException: null
	at java.awt.GraphicsEnvironment.checkHeadless(Unknown Source)
	at java.awt.MenuComponent.&lt;init&gt;(Unknown Source)
	at java.awt.MenuItem.&lt;init&gt;(Unknown Source)
	at java.awt.MenuItem.&lt;init&gt;(Unknown Source)
	at java.awt.Menu.&lt;init&gt;(Unknown Source)
	at java.awt.Menu.&lt;init&gt;(Unknown Source)
	at ij.Menus.getMenu(Menus.java:690)
	at ij.Menus.getMenu(Menus.java:680)
	at ij.Menus.addMenuBar(Menus.java:105)
	at ij.IJ.init(IJ.java:325)
	at ij.IJ.run(IJ.java:252)
	at ij.IJ.run(IJ.java:316)
	at ij.IJ.saveAs(IJ.java:1690)
	at ij.IJ.save(IJ.java:1612)
	at edu.csupomona.cs.iphoto.data.provider.FSPhotoManager.applyFilter(FSPhotoManager.java:137)
	at edu.csupomona.cs.iphoto.controller.WebController.getFilteredPhoto(WebController.java:177)
	at sun.reflect.NativeMethodAccessorImpl.invoke0(Native Method)
	at sun.reflect.NativeMethodAccessorImpl.invoke(Unknown Source)
	at sun.reflect.DelegatingMethodAccessorImpl.invoke(Unknown Source)
	at java.lang.reflect.Method.invoke(Unknown Source)
	at org.springframework.web.method.support.InvocableHandlerMethod.invoke(InvocableHandlerMethod.java:215)
	at org.springframework.web.method.support.InvocableHandlerMethod.invokeForRequest(InvocableHandlerMethod.java:132)
	at org.springframework.web.servlet.mvc.method.annotation.ServletInvocableHandlerMethod.invokeAndHandle(ServletInvocableHandlerMethod.java:104)
	at org.springframework.web.servlet.mvc.method.annotation.RequestMappingHandlerAdapter.invokeHandleMethod(RequestMappingHandlerAdapter.java:749)
	at org.springframework.web.servlet.mvc.method.annotation.RequestMappingHandlerAdapter.handleInternal(RequestMappingHandlerAdapter.java:689)
	at org.springframework.web.servlet.mvc.method.AbstractHandlerMethodAdapter.handle(AbstractHandlerMethodAdapter.java:83)
	at org.springframework.web.servlet.DispatcherServlet.doDispatch(DispatcherServlet.java:938)
	at org.springframework.web.servlet.DispatcherServlet.doService(DispatcherServlet.java:870)
	at org.springframework.web.servlet.FrameworkServlet.processRequest(FrameworkServlet.java:961)
	at org.springframework.web.servlet.FrameworkServlet.doGet(FrameworkServlet.java:852)
	at javax.servlet.http.HttpServlet.service(HttpServlet.java:735)
	at org.springframework.web.servlet.FrameworkServlet.service(FrameworkServlet.java:837)
	at javax.servlet.http.HttpServlet.service(HttpServlet.java:848)
	at org.eclipse.jetty.servlet.ServletHolder.handle(ServletHolder.java:684)
	at org.eclipse.jetty.servlet.ServletHandler$CachedChain.doFilter(ServletHandler.java:1496)
	at org.springframework.web.filter.HiddenHttpMethodFilter.doFilterInternal(HiddenHttpMethodFilter.java:77)
	at org.springframework.web.filter.OncePerRequestFilter.doFilter(OncePerRequestFilter.java:107)
	at org.eclipse.jetty.servlet.ServletHandler$CachedChain.doFilter(ServletHandler.java:1467)
	at org.eclipse.jetty.servlet.ServletHandler.doHandle(ServletHandler.java:501)
	at org.eclipse.jetty.server.handler.ScopedHandler.handle(ScopedHandler.java:137)
	at org.eclipse.jetty.security.SecurityHandler.handle(SecurityHandler.java:557)
	at org.eclipse.jetty.server.session.SessionHandler.doHandle(SessionHandler.java:231)
	at org.eclipse.jetty.server.handler.ContextHandler.doHandle(ContextHandler.java:1086)
	at org.eclipse.jetty.servlet.ServletHandler.doScope(ServletHandler.java:429)
	at org.eclipse.jetty.server.session.SessionHandler.doScope(SessionHandler.java:193)
	at org.eclipse.jetty.server.handler.ContextHandler.doScope(ContextHandler.java:1020)
	at org.eclipse.jetty.server.handler.ScopedHandler.handle(ScopedHandler.java:135)
	at org.eclipse.jetty.server.handler.HandlerWrapper.handle(HandlerWrapper.java:116)
	at org.eclipse.jetty.server.Server.handle(Server.java:370)
	at org.eclipse.jetty.server.AbstractHttpConnection.handleRequest(AbstractHttpConnection.java:494)
	at org.eclipse.jetty.server.AbstractHttpConnection.headerComplete(AbstractHttpConnection.java:971)
	at org.eclipse.jetty.server.AbstractHttpConnection$RequestHandler.headerComplete(AbstractHttpConnection.java:1033)
	at org.eclipse.jetty.http.HttpParser.parseNext(HttpParser.java:644)
	at org.eclipse.jetty.http.HttpParser.parseAvailable(HttpParser.java:235)
	at org.eclipse.jetty.server.AsyncHttpConnection.handle(AsyncHttpConnection.java:82)
	at org.eclipse.jetty.io.nio.SelectChannelEndPoint.handle(SelectChannelEndPoint.java:696)
	at org.eclipse.jetty.io.nio.SelectChannelEndPoint$1.run(SelectChannelEndPoint.java:53)
	at org.eclipse.jetty.util.thread.QueuedThreadPool.runJob(QueuedThreadPool.java:608)
	at org.eclipse.jetty.util.thread.QueuedThreadPool$3.run(QueuedThreadPool.java:543)
	at java.lang.Thread.run(Unknown Source)

2014-11-29 13:48:52.834  WARN 5248 --- [           main] o.s.boot.test.TestRestTemplate           : GET request for "http://localhost:8080/iphoto/testUser/photo/test.jpg/filter/Edge-Invert-smooth" resulted in 500 (Server Error); invoking error handler
</system-out>
  </testcase>
  <testcase name="testDeletePhoto" classname="edu.csupomona.cs.iphoto.WebControllerIntegrationTest" time="0.054"/>
  <testcase name="testGetPhoto" classname="edu.csupomona.cs.iphoto.WebControllerIntegrationTest" time="0.008"/>
  <testcase name="testPing" classname="edu.csupomona.cs.iphoto.WebControllerIntegrationTest" time="0.007"/>
  <testcase name="testGetFilters" classname="edu.csupomona.cs.iphoto.WebControllerIntegrationTest" time="0.023"/>
  <testcase name="testAddNewPhoto" classname="edu.csupomona.cs.iphoto.WebControllerIntegrationTest" time="0.029">
    <failure message="expected:&lt;400&gt; but was:&lt;200&gt;" type="java.lang.AssertionError"><![CDATA[java.lang.AssertionError: expected:<400> but was:<200>
	at org.junit.Assert.fail(Assert.java:88)
	at org.junit.Assert.failNotEquals(Assert.java:743)
	at org.junit.Assert.assertEquals(Assert.java:118)
	at org.junit.Assert.assertEquals(Assert.java:144)
	at edu.csupomona.cs.iphoto.WebControllerIntegrationTest.testAddNewPhoto(WebControllerIntegrationTest.java:98)
]]></failure>
    <system-out>2014-11-29 13:48:52.961  WARN 5248 --- [           main] o.s.boot.test.TestRestTemplate           : POST request for "http://localhost:8080/iphoto/testUser/photo" resulted in 400 (Bad Request); invoking error handler
</system-out>
  </testcase>
</testsuite>